[0/1] Re-running CMake...
-- Minimal build - ON
-- ccache will be used for faster recompilation
-- git rev-parse returned 'fatal: not a git repository (or any of the parent directories): .git'
-- Could not use 'git describe' to determine PROJECT_VER.
-- Building ESP-IDF components for target esp32s3
NOTICE: Using component placed at C:\Users\admin\Downloads\esp-idf-v5.5.2\examples\peripherals\camera\common_components\sensor_init for dependency "sensor_init", specified in C:\Users\admin\worskpace_esp5.5\dvp_spi_lcd_28jan_v0\main\idf_component.yml
NOTICE: Processing 7 dependencies:
NOTICE: [1/7] espressif/cmake_utilities (0.5.3)
NOTICE: [2/7] espressif/esp-nn (1.1.2)
NOTICE: [3/7] espressif/esp-tflite-micro (1.3.1)
NOTICE: [4/7] espressif/esp_cam_sensor (1.7.0)
NOTICE: [5/7] espressif/esp_sccb_intf (0.0.7)
NOTICE: [6/7] sensor_init (*) (C:\Espressif\frameworks\esp-idf-v5.5.2\examples\peripherals\camera\common_components\sensor_init)
NOTICE: [7/7] idf (5.5.2)
-- ESP-TEE is currently supported only on the esp32c6;esp32h2;esp32c5 SoCs
-- Project sdkconfig file C:/Users/admin/worskpace_esp5.5/dvp_spi_lcd_28jan_v0/sdkconfig
Loading defaults file C:/Users/admin/worskpace_esp5.5/dvp_spi_lcd_28jan_v0/sdkconfig.defaults...
Loading defaults file C:/Users/admin/worskpace_esp5.5/dvp_spi_lcd_28jan_v0/sdkconfig.defaults.esp32s3...
warning: unknown kconfig symbol 'SPIRAM' assigned to 'y' in C:/Users/admin/worskpace_esp5.5/dvp_spi_lcd_28jan_v0/sdkconfig.defaults.esp32s3
warning: unknown kconfig symbol 'SPIRAM_MODE_OCT' assigned to 'y' in C:/Users/admin/worskpace_esp5.5/dvp_spi_lcd_28jan_v0/sdkconfig.defaults.esp32s3
-- Compiler supported targets: xtensa-esp-elf
-- USING O3
-- App "dvp_spi_lcd" version: 1
-- Adding linker script C:/Users/admin/worskpace_esp5.5/dvp_spi_lcd_28jan_v0/build/esp-idf/esp_system/ld/memory.ld
-- Adding linker script C:/Users/admin/worskpace_esp5.5/dvp_spi_lcd_28jan_v0/build/esp-idf/esp_system/ld/sections.ld.in
-- Adding linker script C:/Users/admin/Downloads/esp-idf-v5.5.2/components/esp_rom/esp32s3/ld/esp32s3.rom.ld
-- Adding linker script C:/Users/admin/Downloads/esp-idf-v5.5.2/components/esp_rom/esp32s3/ld/esp32s3.rom.api.ld
-- Adding linker script C:/Users/admin/Downloads/esp-idf-v5.5.2/components/esp_rom/esp32s3/ld/esp32s3.rom.bt_funcs.ld
-- Adding linker script C:/Users/admin/Downloads/esp-idf-v5.5.2/components/esp_rom/esp32s3/ld/esp32s3.rom.libgcc.ld
-- Adding linker script C:/Users/admin/Downloads/esp-idf-v5.5.2/components/esp_rom/esp32s3/ld/esp32s3.rom.wdt.ld
-- Adding linker script C:/Users/admin/Downloads/esp-idf-v5.5.2/components/esp_rom/esp32s3/ld/esp32s3.rom.version.ld
-- Adding linker script C:/Users/admin/Downloads/esp-idf-v5.5.2/components/esp_rom/esp32s3/ld/esp32s3.rom.ble_master.ld
-- Adding linker script C:/Users/admin/Downloads/esp-idf-v5.5.2/components/esp_rom/esp32s3/ld/esp32s3.rom.ble_50.ld
-- Adding linker script C:/Users/admin/Downloads/esp-idf-v5.5.2/components/esp_rom/esp32s3/ld/esp32s3.rom.ble_smp.ld
-- Adding linker script C:/Users/admin/Downloads/esp-idf-v5.5.2/components/esp_rom/esp32s3/ld/esp32s3.rom.ble_dtm.ld
-- Adding linker script C:/Users/admin/Downloads/esp-idf-v5.5.2/components/esp_rom/esp32s3/ld/esp32s3.rom.ble_test.ld
-- Adding linker script C:/Users/admin/Downloads/esp-idf-v5.5.2/components/esp_rom/esp32s3/ld/esp32s3.rom.ble_scan.ld
-- Adding linker script C:/Users/admin/Downloads/esp-idf-v5.5.2/components/esp_rom/esp32s3/ld/esp32s3.rom.libc.ld
-- Adding linker script C:/Users/admin/Downloads/esp-idf-v5.5.2/components/esp_rom/esp32s3/ld/esp32s3.rom.newlib.ld
-- Adding linker script C:/Users/admin/Downloads/esp-idf-v5.5.2/components/soc/esp32s3/ld/esp32s3.peripherals.ld
-- ESP_CAM_SENSOR: 1.7.0
Traceback (most recent call last):
  File "C:\Users\admin\Downloads\esp-idf-v5.5.2\components\esp_rom\gen_gdbinit.py", line 72, in <module>
    gdbinit_lines = generate_gdbinit_rom_add_symbols(target)
                    ^^^^^^^^^^^^^^^^^^^^^^^^^^^^^^^^^^^^^^^^
  File "C:\Users\admin\Downloads\esp-idf-v5.5.2\components\esp_rom\gen_gdbinit.py", line 32, in generate_gdbinit_rom_add_symbols
    raise EnvironmentError(
OSError: ESP_ROM_ELF_DIR environment variable is not defined. Please try to run IDF "install" and "export" scripts.
CMake Warning at C:/Users/admin/Downloads/esp-idf-v5.5.2/tools/cmake/gdbinit.cmake:52 (message):
  Error while generating esp_rom gdbinit
Call Stack (most recent call first):
  C:/Users/admin/Downloads/esp-idf-v5.5.2/tools/cmake/project.cmake:356 (__generate_gdbinit)
  C:/Users/admin/Downloads/esp-idf-v5.5.2/tools/cmake/project.cmake:974 (__project_info)
  CMakeLists.txt:8 (project)


-- Components: app_update bootloader bootloader_support cxx driver efuse esp_app_format esp_bootloader_format esp_common esp_driver_ana_cmpr esp_driver_bitscrambler esp_driver_cam esp_driver_dac esp_driver_gpio esp_driver_gptimer esp_driver_i2c esp_driver_i2s esp_driver_isp esp_driver_ledc esp_driver_mcpwm esp_driver_parlio esp_driver_pcnt esp_driver_rmt esp_driver_sdio esp_driver_sdm esp_driver_sdmmc esp_driver_sdspi esp_driver_spi esp_driver_tsens esp_driver_twai esp_driver_uart esp_driver_usb_serial_jtag esp_hw_support esp_mm esp_partition esp_pm esp_ringbuf esp_rom esp_security esp_system esp_timer espressif__cmake_utilities espressif__esp-nn espressif__esp-tflite-micro espressif__esp_cam_sensor espressif__esp_sccb_intf esptool_py freertos hal heap log main mbedtls newlib partition_table pthread sdmmc sensor_init soc spi_flash xtensa
-- Component paths: C:/Users/admin/Downloads/esp-idf-v5.5.2/components/app_update C:/Users/admin/Downloads/esp-idf-v5.5.2/components/bootloader C:/Users/admin/Downloads/esp-idf-v5.5.2/components/bootloader_support C:/Users/admin/Downloads/esp-idf-v5.5.2/components/cxx C:/Users/admin/Downloads/esp-idf-v5.5.2/components/driver C:/Users/admin/Downloads/esp-idf-v5.5.2/components/efuse C:/Users/admin/Downloads/esp-idf-v5.5.2/components/esp_app_format C:/Users/admin/Downloads/esp-idf-v5.5.2/components/esp_bootloader_format C:/Users/admin/Downloads/esp-idf-v5.5.2/components/esp_common C:/Users/admin/Downloads/esp-idf-v5.5.2/components/esp_driver_ana_cmpr C:/Users/admin/Downloads/esp-idf-v5.5.2/components/esp_driver_bitscrambler C:/Users/admin/Downloads/esp-idf-v5.5.2/components/esp_driver_cam C:/Users/admin/Downloads/esp-idf-v5.5.2/components/esp_driver_dac C:/Users/admin/Downloads/esp-idf-v5.5.2/components/esp_driver_gpio C:/Users/admin/Downloads/esp-idf-v5.5.2/components/esp_driver_gptimer C:/Users/admin/Downloads/esp-idf-v5.5.2/components/esp_driver_i2c C:/Users/admin/Downloads/esp-idf-v5.5.2/components/esp_driver_i2s C:/Users/admin/Downloads/esp-idf-v5.5.2/components/esp_driver_isp C:/Users/admin/Downloads/esp-idf-v5.5.2/components/esp_driver_ledc C:/Users/admin/Downloads/esp-idf-v5.5.2/components/esp_driver_mcpwm C:/Users/admin/Downloads/esp-idf-v5.5.2/components/esp_driver_parlio C:/Users/admin/Downloads/esp-idf-v5.5.2/components/esp_driver_pcnt C:/Users/admin/Downloads/esp-idf-v5.5.2/components/esp_driver_rmt C:/Users/admin/Downloads/esp-idf-v5.5.2/components/esp_driver_sdio C:/Users/admin/Downloads/esp-idf-v5.5.2/components/esp_driver_sdm C:/Users/admin/Downloads/esp-idf-v5.5.2/components/esp_driver_sdmmc C:/Users/admin/Downloads/esp-idf-v5.5.2/components/esp_driver_sdspi C:/Users/admin/Downloads/esp-idf-v5.5.2/components/esp_driver_spi C:/Users/admin/Downloads/esp-idf-v5.5.2/components/esp_driver_tsens C:/Users/admin/Downloads/esp-idf-v5.5.2/components/esp_driver_twai C:/Users/admin/Downloads/esp-idf-v5.5.2/components/esp_driver_uart C:/Users/admin/Downloads/esp-idf-v5.5.2/components/esp_driver_usb_serial_jtag C:/Users/admin/Downloads/esp-idf-v5.5.2/components/esp_hw_support C:/Users/admin/Downloads/esp-idf-v5.5.2/components/esp_mm C:/Users/admin/Downloads/esp-idf-v5.5.2/components/esp_partition C:/Users/admin/Downloads/esp-idf-v5.5.2/components/esp_pm C:/Users/admin/Downloads/esp-idf-v5.5.2/components/esp_ringbuf C:/Users/admin/Downloads/esp-idf-v5.5.2/components/esp_rom C:/Users/admin/Downloads/esp-idf-v5.5.2/components/esp_security C:/Users/admin/Downloads/esp-idf-v5.5.2/components/esp_system C:/Users/admin/Downloads/esp-idf-v5.5.2/components/esp_timer C:/Users/admin/worskpace_esp5.5/dvp_spi_lcd_28jan_v0/managed_components/espressif__cmake_utilities C:/Users/admin/worskpace_esp5.5/dvp_spi_lcd_28jan_v0/managed_components/espressif__esp-nn C:/Users/admin/worskpace_esp5.5/dvp_spi_lcd_28jan_v0/managed_components/espressif__esp-tflite-micro C:/Users/admin/worskpace_esp5.5/dvp_spi_lcd_28jan_v0/managed_components/espressif__esp_cam_sensor C:/Users/admin/worskpace_esp5.5/dvp_spi_lcd_28jan_v0/managed_components/espressif__esp_sccb_intf C:/Users/admin/Downloads/esp-idf-v5.5.2/components/esptool_py C:/Users/admin/Downloads/esp-idf-v5.5.2/components/freertos C:/Users/admin/Downloads/esp-idf-v5.5.2/components/hal C:/Users/admin/Downloads/esp-idf-v5.5.2/components/heap C:/Users/admin/Downloads/esp-idf-v5.5.2/components/log C:/Users/admin/worskpace_esp5.5/dvp_spi_lcd_28jan_v0/main C:/Users/admin/Downloads/esp-idf-v5.5.2/components/mbedtls C:/Users/admin/Downloads/esp-idf-v5.5.2/components/newlib C:/Users/admin/Downloads/esp-idf-v5.5.2/components/partition_table C:/Users/admin/Downloads/esp-idf-v5.5.2/components/pthread C:/Users/admin/Downloads/esp-idf-v5.5.2/components/sdmmc C:/Espressif/frameworks/esp-idf-v5.5.2/examples/peripherals/camera/common_components/sensor_init C:/Users/admin/Downloads/esp-idf-v5.5.2/components/soc C:/Users/admin/Downloads/esp-idf-v5.5.2/components/spi_flash C:/Users/admin/Downloads/esp-idf-v5.5.2/components/xtensa
-- Configuring done (19.1s)
-- Generating done (0.9s)
-- Build files have been written to: C:/Users/admin/worskpace_esp5.5/dvp_spi_lcd_28jan_v0/build
[1/3] Cleaning additional files...
[2/3] Cleaning all built files...
Cleaning... 822 files.

Build complete
